[debug] [2023-03-14T15:18:41.629Z] ----------------------------------------------------------------------
[debug] [2023-03-14T15:18:41.633Z] Command:       C:\Program Files\nodejs\node.exe C:\Users\d02sa\AppData\Roaming\npm\node_modules\firebase-tools\lib\bin\firebase.js init
[debug] [2023-03-14T15:18:41.634Z] CLI Version:   11.24.1
[debug] [2023-03-14T15:18:41.634Z] Platform:      win32
[debug] [2023-03-14T15:18:41.634Z] Node Version:  v19.4.0
[debug] [2023-03-14T15:18:41.634Z] Time:          Tue Mar 14 2023 20:48:41 GMT+0530 (India Standard Time)
[debug] [2023-03-14T15:18:41.635Z] ----------------------------------------------------------------------
[debug] 
[debug] [2023-03-14T15:18:41.644Z] > command requires scopes: ["email","openid","https://www.googleapis.com/auth/cloudplatformprojects.readonly","https://www.googleapis.com/auth/firebase","https://www.googleapis.com/auth/cloud-platform"]
[debug] [2023-03-14T15:18:41.645Z] > authorizing via signed-in user (anishtdubey.codez@gmail.com)
[info] 
     ######## #### ########  ######## ########     ###     ######  ########
     ##        ##  ##     ## ##       ##     ##  ##   ##  ##       ##
     ######    ##  ########  ######   ########  #########  ######  ######
     ##        ##  ##    ##  ##       ##     ## ##     ##       ## ##
     ##       #### ##     ## ######## ########  ##     ##  ######  ########

You're about to initialize a Firebase project in this directory:

  F:\CODING\linking-project-auth

[info] 
=== Project Setup
[info] 
[info] First, let's associate this project directory with a Firebase project.
[info] You can create multiple project aliases by running firebase use --add, 
[info] but for now we'll just set up a default project.
[info] 
[debug] [2023-03-14T15:18:57.388Z] > refreshing access token with scopes: []
[debug] [2023-03-14T15:18:57.392Z] >>> [apiv2][query] POST https://www.googleapis.com/oauth2/v3/token [none]
[debug] [2023-03-14T15:18:57.392Z] >>> [apiv2][body] POST https://www.googleapis.com/oauth2/v3/token [omitted]
[debug] [2023-03-14T15:18:57.740Z] <<< [apiv2][status] POST https://www.googleapis.com/oauth2/v3/token 200
[debug] [2023-03-14T15:18:57.741Z] <<< [apiv2][body] POST https://www.googleapis.com/oauth2/v3/token [omitted]
[debug] [2023-03-14T15:18:57.781Z] >>> [apiv2][query] GET https://firebase.googleapis.com/v1beta1/projects pageSize=100
[debug] [2023-03-14T15:18:58.660Z] <<< [apiv2][status] GET https://firebase.googleapis.com/v1beta1/projects 200
[debug] [2023-03-14T15:18:58.661Z] <<< [apiv2][body] GET https://firebase.googleapis.com/v1beta1/projects [omitted]
[info] i  Using project linking-project-auth (linking-project-auth) 
[info] 
=== Hosting Setup
[info] 
[info] Your public directory is the folder (relative to your project directory) that
[info] will contain Hosting assets to be uploaded with firebase deploy. If you
[info] have a build process for your assets, use your build's output directory.
[info] 
[info] i  Skipping write of public/404.html 
[debug] [2023-03-14T15:19:17.048Z] >>> [apiv2][query] GET https://www.gstatic.com/firebasejs/releases.json [none]
[debug] [2023-03-14T15:19:17.167Z] <<< [apiv2][status] GET https://www.gstatic.com/firebasejs/releases.json 200
[debug] [2023-03-14T15:19:17.168Z] <<< [apiv2][body] GET https://www.gstatic.com/firebasejs/releases.json {"current":{"version":"9.17.2","browserURL":"https://www.gstatic.com/firebasejs/9.17.2/firebase.js","packageURL":"https://www.gstatic.com/firebasejs/9.17.2/firebase.tgz"},"live":{"version":"9.17","browserURL":"https://www.gstatic.com/firebasejs/live/9.17/firebase.js","packageURL":"https://www.gstatic.com/firebasejs/live/9.17/firebase.tgz"},"components":{"analytics":"https://www.gstatic.com/firebasejs/9.17.2/firebase-analytics.js","app":"https://www.gstatic.com/firebasejs/9.17.2/firebase-app.js","app-check":"https://www.gstatic.com/firebasejs/9.17.2/firebase-app-check.js","auth":"https://www.gstatic.com/firebasejs/9.17.2/firebase-auth.js","auth/cordova":"https://www.gstatic.com/firebasejs/9.17.2/firebase-auth/cordova.js","auth/react-native":"https://www.gstatic.com/firebasejs/9.17.2/firebase-auth/react-native.js","functions":"https://www.gstatic.com/firebasejs/9.17.2/firebase-functions.js","firestore":"https://www.gstatic.com/firebasejs/9.17.2/firebase-firestore.js","firestore/lite":"https://www.gstatic.com/firebasejs/9.17.2/firebase-firestore/lite.js","installations":"https://www.gstatic.com/firebasejs/9.17.2/firebase-installations.js","storage":"https://www.gstatic.com/firebasejs/9.17.2/firebase-storage.js","performance":"https://www.gstatic.com/firebasejs/9.17.2/firebase-performance.js","remote-config":"https://www.gstatic.com/firebasejs/9.17.2/firebase-remote-config.js","messaging":"https://www.gstatic.com/firebasejs/9.17.2/firebase-messaging.js","messaging/sw":"https://www.gstatic.com/firebasejs/9.17.2/firebase-messaging/sw.js","database":"https://www.gstatic.com/firebasejs/9.17.2/firebase-database.js","firestore.memory":"https://www.gstatic.com/firebasejs/9.17.2/firebase-firestore.memory.js"}}
[info] i  Skipping write of public/index.html 
[info] 
[info] i  Detected a .git folder at F:\CODING\linking-project-auth 
[info] i  Authorizing with GitHub to upload your service account to a GitHub repository's secrets store. 
[info] 
[info] Visit this URL on this device to log in:
[info] https://github.com/login/oauth/authorize?client_id=89cf50f02ac6aaed3484&state=215652248&redirect_uri=http%3A%2F%2Flocalhost%3A9005&scope=read%3Auser%20repo%20public_repo
[info] 
[info] Waiting for authentication...
[debug] [2023-03-14T15:19:20.560Z] >>> [apiv2][query] POST https://github.com/login/oauth/access_token [none]
[debug] [2023-03-14T15:19:20.560Z] >>> [apiv2][body] POST https://github.com/login/oauth/access_token [stream]
[debug] [2023-03-14T15:19:20.927Z] <<< [apiv2][status] POST https://github.com/login/oauth/access_token 200
[debug] [2023-03-14T15:19:20.927Z] <<< [apiv2][body] POST https://github.com/login/oauth/access_token {"access_token":"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","token_type":"bearer","scope":"read:user,repo"}
[debug] [2023-03-14T15:19:20.943Z] >>> [apiv2][query] GET https://api.github.com/user [none]
[debug] [2023-03-14T15:19:21.431Z] <<< [apiv2][status] GET https://api.github.com/user 200
[debug] [2023-03-14T15:19:21.432Z] <<< [apiv2][body] GET https://api.github.com/user {"login":"Anish08-CODEZ","id":70856239,"node_id":"MDQ6VXNlcjcwODU2MjM5","avatar_url":"https://avatars.githubusercontent.com/u/70856239?v=4","gravatar_id":"","url":"https://api.github.com/users/Anish08-CODEZ","html_url":"https://github.com/Anish08-CODEZ","followers_url":"https://api.github.com/users/Anish08-CODEZ/followers","following_url":"https://api.github.com/users/Anish08-CODEZ/following{/other_user}","gists_url":"https://api.github.com/users/Anish08-CODEZ/gists{/gist_id}","starred_url":"https://api.github.com/users/Anish08-CODEZ/starred{/owner}{/repo}","subscriptions_url":"https://api.github.com/users/Anish08-CODEZ/subscriptions","organizations_url":"https://api.github.com/users/Anish08-CODEZ/orgs","repos_url":"https://api.github.com/users/Anish08-CODEZ/repos","events_url":"https://api.github.com/users/Anish08-CODEZ/events{/privacy}","received_events_url":"https://api.github.com/users/Anish08-CODEZ/received_events","type":"User","site_admin":false,"name":"Anish Programmer","company":null,"blog":"","location":null,"email":null,"hireable":null,"bio":"Hi, There!","twitter_username":null,"public_repos":32,"public_gists":2,"followers":0,"following":3,"created_at":"2020-09-06T17:13:18Z","updated_at":"2023-03-03T12:04:20Z","private_gists":0,"total_private_repos":16,"owned_private_repos":16,"disk_usage":39747,"collaborators":0,"two_factor_authentication":false,"plan":{"name":"free","space":976562499,"collaborators":0,"private_repos":10000}}
[info] 
[info] +  Success! Logged into GitHub as Anish08-CODEZ 
[info] 
